{"contracts/cliqStaking.sol":{"l":{"63":49,"67":41,"71":16,"75":8,"79":83,"80":83,"81":83,"83":83,"84":83,"85":83,"89":4,"93":2,"101":98,"102":92,"103":90,"107":88,"113":86,"118":86,"119":86,"120":86,"121":86,"122":86,"123":86,"124":86,"127":86,"128":56,"132":86,"133":86,"136":86,"138":86,"152":42,"157":41,"158":41,"159":31,"162":41,"163":41,"165":41,"169":41,"171":41,"173":41,"174":41,"177":41,"178":52,"180":52,"182":52,"184":52,"193":28,"198":27,"199":27,"200":17,"203":27,"204":27,"206":27,"210":27,"212":27,"214":27,"218":27,"220":27,"224":48,"228":44,"234":40,"239":40,"244":40,"246":40,"247":27,"250":27,"255":23,"262":19,"266":19,"269":19,"271":13,"274":13,"279":11,"286":11,"287":11,"292":0,"295":30,"299":23,"303":21,"308":17,"309":17,"312":17,"316":17,"321":17,"328":15,"333":15,"337":5,"338":5,"342":3,"343":3,"352":35,"355":35,"357":35,"358":35,"366":6,"370":4,"373":4,"374":4,"375":4,"385":249,"386":249,"387":249,"388":249,"389":249,"390":249,"391":249,"392":249},"path":"/home/romario/Work/Audit/Cliq/last_commit/deficliq-staking/contracts/cliqStaking.sol","s":{"1":49,"2":16,"3":83,"4":83,"5":83,"6":83,"7":83,"8":83,"9":4,"10":2,"11":98,"12":92,"13":90,"14":88,"15":86,"16":86,"17":86,"18":86,"19":86,"20":86,"21":86,"22":86,"23":86,"24":56,"25":86,"26":86,"27":86,"28":86,"29":42,"30":41,"31":41,"32":31,"33":41,"34":41,"35":41,"36":41,"37":41,"38":41,"39":41,"40":41,"41":52,"42":52,"43":52,"44":28,"45":27,"46":27,"47":17,"48":27,"49":27,"50":27,"51":27,"52":27,"53":27,"54":27,"55":27,"56":48,"57":44,"58":40,"59":40,"60":40,"61":40,"62":27,"63":27,"64":23,"65":19,"66":19,"67":19,"68":13,"69":13,"70":13,"71":11,"72":11,"73":11,"74":0,"75":30,"76":23,"77":21,"78":17,"79":17,"80":17,"81":17,"82":17,"83":15,"84":15,"85":5,"86":5,"87":3,"88":3,"89":35,"90":35,"91":35,"92":35,"93":6,"94":4,"95":4,"96":4,"97":4,"98":249,"99":249,"100":249,"101":249,"102":249,"103":249,"104":249,"105":249},"b":{"1":[41,8],"2":[8,8],"3":[92,6],"4":[90,2],"5":[88,2],"6":[86,2],"7":[56,30],"8":[41,1],"9":[31,10],"10":[27,1],"11":[17,10],"12":[44,4],"13":[40,4],"14":[27,13],"15":[23,4],"16":[19,4],"17":[13,0],"18":[11,2],"19":[11,0],"20":[21,2],"21":[17,4],"22":[15,2],"23":[4,2]},"f":{"1":49,"2":16,"3":83,"4":4,"5":2,"6":98,"7":42,"8":28,"9":48,"10":23,"11":5,"12":3,"13":35,"14":6,"15":249},"fnMap":{"1":{"name":"onlyRewardProvider","line":62,"loc":{"start":{"line":62,"column":4},"end":{"line":68,"column":4}}},"2":{"name":"onlyMaintainer","line":70,"loc":{"start":{"line":70,"column":4},"end":{"line":76,"column":4}}},"3":{"name":"constructor","line":78,"loc":{"start":{"line":78,"column":4},"end":{"line":86,"column":4}}},"4":{"name":"stakesLength","line":88,"loc":{"start":{"line":88,"column":4},"end":{"line":90,"column":4}}},"5":{"name":"packageLength","line":92,"loc":{"start":{"line":92,"column":4},"end":{"line":94,"column":4}}},"6":{"name":"stakeTokens","line":96,"loc":{"start":{"line":96,"column":4},"end":{"line":145,"column":4}}},"7":{"name":"checkStakeReward","line":147,"loc":{"start":{"line":147,"column":4},"end":{"line":186,"column":4}}},"8":{"name":"checkStakeCliqReward","line":188,"loc":{"start":{"line":188,"column":4},"end":{"line":221,"column":4}}},"9":{"name":"unstake","line":223,"loc":{"start":{"line":223,"column":4},"end":{"line":296,"column":4}}},"10":{"name":"forceWithdraw","line":298,"loc":{"start":{"line":298,"column":4},"end":{"line":334,"column":4}}},"11":{"name":"pauseStaking","line":336,"loc":{"start":{"line":336,"column":4},"end":{"line":339,"column":4}}},"12":{"name":"unpauseStaking","line":341,"loc":{"start":{"line":341,"column":4},"end":{"line":344,"column":4}}},"13":{"name":"addStakedTokenReward","line":348,"loc":{"start":{"line":346,"column":4},"end":{"line":359,"column":4}}},"14":{"name":"removeStakedTokenReward","line":363,"loc":{"start":{"line":361,"column":4},"end":{"line":376,"column":4}}},"15":{"name":"_definePackage","line":378,"loc":{"start":{"line":378,"column":4},"end":{"line":393,"column":4}}}},"statementMap":{"1":{"start":{"line":63,"column":8},"end":{"line":63,"column":2355}},"2":{"start":{"line":71,"column":8},"end":{"line":71,"column":2545}},"3":{"start":{"line":79,"column":8},"end":{"line":79,"column":51}},"4":{"start":{"line":80,"column":8},"end":{"line":80,"column":43}},"5":{"start":{"line":81,"column":8},"end":{"line":81,"column":27}},"6":{"start":{"line":83,"column":8},"end":{"line":83,"column":59}},"7":{"start":{"line":84,"column":8},"end":{"line":84,"column":58}},"8":{"start":{"line":85,"column":8},"end":{"line":85,"column":62}},"9":{"start":{"line":89,"column":8},"end":{"line":89,"column":38}},"10":{"start":{"line":93,"column":8},"end":{"line":93,"column":34}},"11":{"start":{"line":101,"column":8},"end":{"line":101,"column":53}},"12":{"start":{"line":102,"column":8},"end":{"line":102,"column":66}},"13":{"start":{"line":103,"column":8},"end":{"line":103,"column":3732}},"14":{"start":{"line":107,"column":8},"end":{"line":107,"column":3920}},"15":{"start":{"line":113,"column":8},"end":{"line":113,"column":4113}},"16":{"start":{"line":118,"column":8},"end":{"line":118,"column":33}},"17":{"start":{"line":119,"column":8},"end":{"line":119,"column":37}},"18":{"start":{"line":120,"column":8},"end":{"line":120,"column":48}},"19":{"start":{"line":121,"column":8},"end":{"line":121,"column":47}},"20":{"start":{"line":122,"column":8},"end":{"line":122,"column":55}},"21":{"start":{"line":123,"column":8},"end":{"line":123,"column":43}},"22":{"start":{"line":124,"column":8},"end":{"line":124,"column":44}},"23":{"start":{"line":127,"column":8},"end":{"line":127,"column":4652}},"24":{"start":{"line":128,"column":12},"end":{"line":128,"column":35}},"25":{"start":{"line":132,"column":8},"end":{"line":132,"column":35}},"26":{"start":{"line":133,"column":8},"end":{"line":133,"column":55}},"27":{"start":{"line":136,"column":8},"end":{"line":136,"column":69}},"28":{"start":{"line":138,"column":8},"end":{"line":138,"column":5012}},"29":{"start":{"line":152,"column":8},"end":{"line":152,"column":5351}},"30":{"start":{"line":157,"column":8},"end":{"line":157,"column":45}},"31":{"start":{"line":158,"column":8},"end":{"line":158,"column":5569}},"32":{"start":{"line":159,"column":12},"end":{"line":159,"column":73}},"33":{"start":{"line":162,"column":8},"end":{"line":162,"column":69}},"34":{"start":{"line":163,"column":8},"end":{"line":163,"column":5863}},"35":{"start":{"line":165,"column":8},"end":{"line":165,"column":5927}},"36":{"start":{"line":169,"column":8},"end":{"line":169,"column":61}},"37":{"start":{"line":171,"column":8},"end":{"line":171,"column":55}},"38":{"start":{"line":173,"column":8},"end":{"line":173,"column":22}},"39":{"start":{"line":174,"column":8},"end":{"line":174,"column":65}},"40":{"start":{"line":177,"column":8},"end":{"line":177,"column":6394}},"41":{"start":{"line":178,"column":12},"end":{"line":178,"column":76}},"42":{"start":{"line":180,"column":12},"end":{"line":180,"column":53}},"43":{"start":{"line":182,"column":12},"end":{"line":182,"column":55}},"44":{"start":{"line":193,"column":8},"end":{"line":193,"column":6831}},"45":{"start":{"line":198,"column":8},"end":{"line":198,"column":45}},"46":{"start":{"line":199,"column":8},"end":{"line":199,"column":7057}},"47":{"start":{"line":200,"column":12},"end":{"line":200,"column":73}},"48":{"start":{"line":203,"column":8},"end":{"line":203,"column":69}},"49":{"start":{"line":204,"column":8},"end":{"line":204,"column":7351}},"50":{"start":{"line":206,"column":8},"end":{"line":206,"column":7417}},"51":{"start":{"line":210,"column":8},"end":{"line":210,"column":61}},"52":{"start":{"line":212,"column":8},"end":{"line":212,"column":55}},"53":{"start":{"line":214,"column":8},"end":{"line":214,"column":7716}},"54":{"start":{"line":218,"column":8},"end":{"line":218,"column":53}},"55":{"start":{"line":220,"column":8},"end":{"line":220,"column":50}},"56":{"start":{"line":224,"column":8},"end":{"line":224,"column":7991}},"57":{"start":{"line":228,"column":8},"end":{"line":228,"column":8132}},"58":{"start":{"line":234,"column":8},"end":{"line":234,"column":8302}},"59":{"start":{"line":239,"column":8},"end":{"line":239,"column":8459}},"60":{"start":{"line":244,"column":8},"end":{"line":244,"column":75}},"61":{"start":{"line":246,"column":8},"end":{"line":246,"column":8744}},"62":{"start":{"line":247,"column":12},"end":{"line":247,"column":8864}},"63":{"start":{"line":250,"column":12},"end":{"line":250,"column":8929}},"64":{"start":{"line":255,"column":12},"end":{"line":255,"column":9128}},"65":{"start":{"line":262,"column":12},"end":{"line":262,"column":9373}},"66":{"start":{"line":266,"column":12},"end":{"line":266,"column":9543}},"67":{"start":{"line":269,"column":12},"end":{"line":269,"column":57}},"68":{"start":{"line":270,"column":15},"end":{"line":270,"column":9650}},"69":{"start":{"line":271,"column":12},"end":{"line":271,"column":9774}},"70":{"start":{"line":274,"column":12},"end":{"line":274,"column":9843}},"71":{"start":{"line":279,"column":12},"end":{"line":279,"column":10027}},"72":{"start":{"line":286,"column":12},"end":{"line":286,"column":48}},"73":{"start":{"line":287,"column":12},"end":{"line":287,"column":10323}},"74":{"start":{"line":292,"column":12},"end":{"line":292,"column":19}},"75":{"start":{"line":295,"column":8},"end":{"line":295,"column":45}},"76":{"start":{"line":299,"column":8},"end":{"line":299,"column":10609}},"77":{"start":{"line":303,"column":8},"end":{"line":303,"column":10754}},"78":{"start":{"line":308,"column":8},"end":{"line":308,"column":75}},"79":{"start":{"line":309,"column":8},"end":{"line":309,"column":10968}},"80":{"start":{"line":312,"column":8},"end":{"line":312,"column":11079}},"81":{"start":{"line":316,"column":8},"end":{"line":316,"column":11224}},"82":{"start":{"line":321,"column":8},"end":{"line":321,"column":11377}},"83":{"start":{"line":328,"column":8},"end":{"line":328,"column":11598}},"84":{"start":{"line":333,"column":8},"end":{"line":333,"column":56}},"85":{"start":{"line":337,"column":8},"end":{"line":337,"column":20}},"86":{"start":{"line":338,"column":8},"end":{"line":338,"column":21}},"87":{"start":{"line":342,"column":8},"end":{"line":342,"column":21}},"88":{"start":{"line":343,"column":8},"end":{"line":343,"column":23}},"89":{"start":{"line":352,"column":8},"end":{"line":352,"column":12160}},"90":{"start":{"line":355,"column":8},"end":{"line":355,"column":69}},"91":{"start":{"line":357,"column":8},"end":{"line":357,"column":56}},"92":{"start":{"line":358,"column":8},"end":{"line":358,"column":19}},"93":{"start":{"line":366,"column":8},"end":{"line":366,"column":12548}},"94":{"start":{"line":370,"column":8},"end":{"line":370,"column":12675}},"95":{"start":{"line":373,"column":8},"end":{"line":373,"column":50}},"96":{"start":{"line":374,"column":8},"end":{"line":374,"column":58}},"97":{"start":{"line":375,"column":8},"end":{"line":375,"column":19}},"98":{"start":{"line":385,"column":8},"end":{"line":385,"column":32}},"99":{"start":{"line":386,"column":8},"end":{"line":386,"column":35}},"100":{"start":{"line":387,"column":8},"end":{"line":387,"column":34}},"101":{"start":{"line":388,"column":8},"end":{"line":388,"column":50}},"102":{"start":{"line":389,"column":8},"end":{"line":389,"column":54}},"103":{"start":{"line":390,"column":8},"end":{"line":390,"column":42}},"104":{"start":{"line":391,"column":8},"end":{"line":391,"column":32}},"105":{"start":{"line":392,"column":8},"end":{"line":392,"column":31}}},"branchMap":{"1":{"line":63,"type":"if","locations":[{"start":{"line":63,"column":8},"end":{"line":63,"column":8}},{"start":{"line":63,"column":8},"end":{"line":63,"column":8}}]},"2":{"line":71,"type":"if","locations":[{"start":{"line":71,"column":8},"end":{"line":71,"column":8}},{"start":{"line":71,"column":8},"end":{"line":71,"column":8}}]},"3":{"line":101,"type":"if","locations":[{"start":{"line":101,"column":8},"end":{"line":101,"column":8}},{"start":{"line":101,"column":8},"end":{"line":101,"column":8}}]},"4":{"line":102,"type":"if","locations":[{"start":{"line":102,"column":8},"end":{"line":102,"column":8}},{"start":{"line":102,"column":8},"end":{"line":102,"column":8}}]},"5":{"line":103,"type":"if","locations":[{"start":{"line":103,"column":8},"end":{"line":103,"column":8}},{"start":{"line":103,"column":8},"end":{"line":103,"column":8}}]},"6":{"line":107,"type":"if","locations":[{"start":{"line":107,"column":8},"end":{"line":107,"column":8}},{"start":{"line":107,"column":8},"end":{"line":107,"column":8}}]},"7":{"line":127,"type":"if","locations":[{"start":{"line":127,"column":8},"end":{"line":127,"column":8}},{"start":{"line":127,"column":8},"end":{"line":127,"column":8}}]},"8":{"line":152,"type":"if","locations":[{"start":{"line":152,"column":8},"end":{"line":152,"column":8}},{"start":{"line":152,"column":8},"end":{"line":152,"column":8}}]},"9":{"line":158,"type":"if","locations":[{"start":{"line":158,"column":8},"end":{"line":158,"column":8}},{"start":{"line":158,"column":8},"end":{"line":158,"column":8}}]},"10":{"line":193,"type":"if","locations":[{"start":{"line":193,"column":8},"end":{"line":193,"column":8}},{"start":{"line":193,"column":8},"end":{"line":193,"column":8}}]},"11":{"line":199,"type":"if","locations":[{"start":{"line":199,"column":8},"end":{"line":199,"column":8}},{"start":{"line":199,"column":8},"end":{"line":199,"column":8}}]},"12":{"line":224,"type":"if","locations":[{"start":{"line":224,"column":8},"end":{"line":224,"column":8}},{"start":{"line":224,"column":8},"end":{"line":224,"column":8}}]},"13":{"line":228,"type":"if","locations":[{"start":{"line":228,"column":8},"end":{"line":228,"column":8}},{"start":{"line":228,"column":8},"end":{"line":228,"column":8}}]},"14":{"line":246,"type":"if","locations":[{"start":{"line":246,"column":8},"end":{"line":246,"column":8}},{"start":{"line":246,"column":8},"end":{"line":246,"column":8}}]},"15":{"line":250,"type":"if","locations":[{"start":{"line":250,"column":12},"end":{"line":250,"column":12}},{"start":{"line":250,"column":12},"end":{"line":250,"column":12}}]},"16":{"line":255,"type":"if","locations":[{"start":{"line":255,"column":12},"end":{"line":255,"column":12}},{"start":{"line":255,"column":12},"end":{"line":255,"column":12}}]},"17":{"line":270,"type":"if","locations":[{"start":{"line":270,"column":15},"end":{"line":270,"column":15}},{"start":{"line":270,"column":15},"end":{"line":270,"column":15}}]},"18":{"line":274,"type":"if","locations":[{"start":{"line":274,"column":12},"end":{"line":274,"column":12}},{"start":{"line":274,"column":12},"end":{"line":274,"column":12}}]},"19":{"line":279,"type":"if","locations":[{"start":{"line":279,"column":12},"end":{"line":279,"column":12}},{"start":{"line":279,"column":12},"end":{"line":279,"column":12}}]},"20":{"line":299,"type":"if","locations":[{"start":{"line":299,"column":8},"end":{"line":299,"column":8}},{"start":{"line":299,"column":8},"end":{"line":299,"column":8}}]},"21":{"line":303,"type":"if","locations":[{"start":{"line":303,"column":8},"end":{"line":303,"column":8}},{"start":{"line":303,"column":8},"end":{"line":303,"column":8}}]},"22":{"line":321,"type":"if","locations":[{"start":{"line":321,"column":8},"end":{"line":321,"column":8}},{"start":{"line":321,"column":8},"end":{"line":321,"column":8}}]},"23":{"line":366,"type":"if","locations":[{"start":{"line":366,"column":8},"end":{"line":366,"column":8}},{"start":{"line":366,"column":8},"end":{"line":366,"column":8}}]}}},"contracts/mock/cliq.sol":{"l":{"16":80},"path":"/home/romario/Work/Audit/Cliq/last_commit/deficliq-staking/contracts/mock/cliq.sol","s":{"1":80},"b":{},"f":{"1":80},"fnMap":{"1":{"name":"constructor","line":15,"loc":{"start":{"line":9,"column":4},"end":{"line":17,"column":4}}}},"statementMap":{"1":{"start":{"line":16,"column":8},"end":{"line":16,"column":67}}},"branchMap":{}},"contracts/mock/ERC20Mock.sol":{"l":{"13":80,"17":320,"21":0},"path":"/home/romario/Work/Audit/Cliq/last_commit/deficliq-staking/contracts/mock/ERC20Mock.sol","s":{"1":80,"2":320,"3":0},"b":{},"f":{"1":80,"2":320,"3":0},"fnMap":{"1":{"name":"constructor","line":12,"loc":{"start":{"line":9,"column":4},"end":{"line":14,"column":4}}},"2":{"name":"mint","line":16,"loc":{"start":{"line":16,"column":4},"end":{"line":18,"column":4}}},"3":{"name":"burn","line":20,"loc":{"start":{"line":20,"column":4},"end":{"line":22,"column":4}}}},"statementMap":{"1":{"start":{"line":13,"column":8},"end":{"line":13,"column":54}},"2":{"start":{"line":17,"column":8},"end":{"line":17,"column":29}},"3":{"start":{"line":21,"column":8},"end":{"line":21,"column":29}}},"branchMap":{}}}